<?xml version="1.0" encoding="UTF-8"?>
<!-- Generated by org.testng.reporters.JUnitXMLReporter -->
<testsuite ignored="2" hostname="DESKTOP-3GN7VEI" failures="0" tests="2" name="Default test" time="2.727" errors="0" timestamp="2021-08-11T16:18:59 ART">
  <testcase classname="Example_DataProvider" name="test_delete_DP" time="2.576"/>
  <testcase classname="Example_DataProvider" name="test_delete_DP" time="0.073"/>
  <testcase classname="Example_DataProvider" name="test_post_DP2" time="0.0">
    <ignored/>
  </testcase> <!-- test_post_DP2 -->
  <testcase classname="Example_DataProvider" name="test_post_DP" time="0.0">
    <ignored/>
  </testcase> <!-- test_post_DP -->
</testsuite> <!-- Default test -->
