<?xml version="1.0" encoding="UTF-8"?>
<!-- Generated by org.testng.reporters.JUnitXMLReporter -->
<testsuite ignored="2" hostname="DESKTOP-L48J747" failures="0" tests="1" name="Default test" time="2.666" errors="0" timestamp="2021-08-17T20:11:56 ART">
  <testcase classname="Tests_POST" name="test_3_post_Header" time="2.622"/>
  <testcase classname="Tests_POST" name="test_1_post" time="0.0">
    <ignored/>
  </testcase> <!-- test_1_post -->
  <testcase classname="Tests_POST" name="test_2_post_JSONObject" time="0.0">
    <ignored/>
  </testcase> <!-- test_2_post_JSONObject -->
</testsuite> <!-- Default test -->
