<?xml version="1.0" encoding="UTF-8"?>
<testng-results ignored="2" total="3" passed="1" failed="0" skipped="0">
  <reporter-output>
  </reporter-output>
  <suite started-at="2021-08-17T20:11:54 ART" name="Default suite" finished-at="2021-08-17T20:11:56 ART" duration-ms="2666">
    <groups>
    </groups>
    <test started-at="2021-08-17T20:11:54 ART" name="Default test" finished-at="2021-08-17T20:11:56 ART" duration-ms="2666">
      <class name="Tests_POST">
        <test-method signature="test_3_post_Header()[pri:0, instance:Tests_POST@52102734]" started-at="2021-08-17T20:11:54 ART" name="test_3_post_Header" finished-at="2021-08-17T20:11:56 ART" duration-ms="2622" status="PASS">
          <reporter-output>
          </reporter-output>
        </test-method> <!-- test_3_post_Header -->
      </class> <!-- Tests_POST -->
    </test> <!-- Default test -->
  </suite> <!-- Default suite -->
</testng-results>
