<?xml version="1.0" encoding="UTF-8"?>
<testng-results ignored="0" total="1" passed="1" failed="0" skipped="0">
  <reporter-output>
  </reporter-output>
  <suite started-at="2021-08-12T21:00:22 ART" name="Default suite" finished-at="2021-08-12T21:00:26 ART" duration-ms="3905">
    <groups>
    </groups>
    <test started-at="2021-08-12T21:00:22 ART" name="Default test" finished-at="2021-08-12T21:00:26 ART" duration-ms="3905">
      <class name="APIs.APIWorker">
        <test-method signature="Test_Get()[pri:0, instance:APIs.APIWorker@670002]" started-at="2021-08-12T21:00:23 ART" name="Test_Get" finished-at="2021-08-12T21:00:26 ART" duration-ms="3838" status="PASS">
          <reporter-output>
          </reporter-output>
        </test-method> <!-- Test_Get -->
      </class> <!-- APIs.APIWorker -->
    </test> <!-- Default test -->
  </suite> <!-- Default suite -->
</testng-results>
